Thu Dec 16 09:58:15 2021       
+-----------------------------------------------------------------------------+
| NVIDIA-SMI 470.42.01    Driver Version: 470.42.01    CUDA Version: 11.4     |
|-------------------------------+----------------------+----------------------+
| GPU  Name        Persistence-M| Bus-Id        Disp.A | Volatile Uncorr. ECC |
| Fan  Temp  Perf  Pwr:Usage/Cap|         Memory-Usage | GPU-Util  Compute M. |
|                               |                      |               MIG M. |
|===============================+======================+======================|
|   0  Tesla V100-PCIE...  Off  | 00000000:AF:00.0 Off |                    0 |
| N/A   55C    P0    43W / 250W |      0MiB / 32510MiB |      2%      Default |
|                               |                      |                  N/A |
+-------------------------------+----------------------+----------------------+
                                                                               
+-----------------------------------------------------------------------------+
| Processes:                                                                  |
|  GPU   GI   CI        PID   Type   Process name                  GPU Memory |
|        ID   ID                                                   Usage      |
|=============================================================================|
|  No running processes found                                                 |
+-----------------------------------------------------------------------------+
loaded full_impression_feats.pt
##########################################
ALGORITHMS EVALUATION 
 with loss type: loss_ce
{'one_stage': {'Precision@1': [0.8826184868812561, 0.8816152215003967, 0.8851266503334045, 0.8858790993690491, 0.8881364464759827, 0.8816152215003967, 0.88437420129776, 0.8823676705360413, 0.8846250176429749, 0.8853774666786194, 0.8841233849525452, 0.8868823647499084, 0.8861299157142639, 0.8883872628211975, 0.8791071176528931, 0.8833709359169006, 0.8866315484046936, 0.8868823647499084, 0.8841233849525452, 0.8811136484146118], 'Precision@5': [0.8726385831832886, 0.8764504790306091, 0.874343991279602, 0.874143123626709, 0.8737919330596924, 0.870982825756073, 0.8740930557250977, 0.8723373413085938, 0.8731901049613953, 0.8732405304908752, 0.868424654006958, 0.8726383447647095, 0.8737419247627258, 0.872538149356842, 0.8696783781051636, 0.8707323670387268, 0.8716849684715271, 0.8704314827919006, 0.8789082169532776, 0.8697792887687683], 'Precision@10': [0.875619113445282, 0.8752663731575012, 0.8796571493148804, 0.8763214945793152, 0.875443160533905, 0.8764468431472778, 0.8769984245300293, 0.8757947087287903, 0.8766721487045288, 0.8747656345367432, 0.8767476081848145, 0.8762956261634827, 0.8781523108482361, 0.8750672936439514, 0.8749921917915344, 0.8756941556930542, 0.8766225576400757, 0.8711281418800354, 0.8728336691856384, 0.8768482804298401], 'Recall@1': [0.0028993061278015375, 0.002927987603470683, 0.002928320085629821, 0.0029335857834666967, 0.0029805053491145372, 0.002908992348238826, 0.002957811811938882, 0.002886898582801223, 0.002935354597866535, 0.002981272991746664, 0.0029175367671996355, 0.0029616057872772217, 0.002979416400194168, 0.0029748305678367615, 0.0028580287471413612, 0.002919483231380582, 0.002926853485405445, 0.0029698347207158804, 0.0029471106827259064, 0.002889350289478898], 'Recall@5': [0.014489829540252686, 0.014745707623660564, 0.014637322165071964, 0.014444765634834766, 0.014566492289304733, 0.014399852603673935, 0.014497250318527222, 0.014385937713086605, 0.01458180695772171, 0.014510877430438995, 0.014267582446336746, 0.01444491371512413, 0.014491086825728416, 0.014553564600646496, 0.014332812279462814, 0.014413985423743725, 0.014356975443661213, 0.014635744504630566, 0.014695512130856514, 0.01428551971912384], 'Recall@10': [0.029994715005159378, 0.03144184499979019, 0.0312565453350544, 0.03077336959540844, 0.030327653512358665, 0.030716486275196075, 0.03047110326588154, 0.03067726455628872, 0.03196954354643822, 0.030111132189631462, 0.03060957044363022, 0.030800774693489075, 0.030807975679636, 0.03074067458510399, 0.029827067628502846, 0.030178220942616463, 0.03021341562271118, 0.03152768686413765, 0.03022136352956295, 0.030488334596157074], 'NDCG@5': [0.8754095435142517, 0.8770896196365356, 0.8770283460617065, 0.8765029907226562, 0.8766237497329712, 0.8740136623382568, 0.8765131831169128, 0.8746394515037537, 0.8757920265197754, 0.8755093812942505, 0.8717718124389648, 0.8758086562156677, 0.8761041760444641, 0.8757232427597046, 0.8721119165420532, 0.8735558986663818, 0.8750506639480591, 0.8734658360481262, 0.8800522685050964, 0.8722338080406189], 'NDCG@10': [0.8762668371200562, 0.8759537935256958, 0.8796594142913818, 0.8768452405929565, 0.8766232132911682, 0.8764052391052246, 0.8776178359985352, 0.8759655952453613, 0.8768822550773621, 0.8756055235862732, 0.8762057423591614, 0.8770513534545898, 0.8781593441963196, 0.8761759996414185, 0.8746623992919922, 0.8759002089500427, 0.8770955801010132, 0.8725298047065735, 0.8754574060440063, 0.8759881854057312], 'NDCG@20': [0.8735100626945496, 0.86162930727005, 0.8720252513885498, 0.8724960088729858, 0.8711764812469482, 0.8758953809738159, 0.871699869632721, 0.8757566213607788, 0.868710458278656, 0.8686134219169617, 0.8715494275093079, 0.8689031600952148, 0.8741356134414673, 0.8753172159194946, 0.8771067261695862, 0.8719848394393921, 0.8733270168304443, 0.863442599773407, 0.8623085021972656, 0.8726409077644348]}, 'two_stage': {'Precision@1': [0.9729119539260864, 0.9739152193069458, 0.9676448702812195, 0.9726611375808716, 0.9731627702713013, 0.9726611375808716, 0.9721595048904419, 0.9741660356521606, 0.9716578722000122, 0.9726611375808716, 0.9711562395095825, 0.9724103212356567, 0.9716578722000122, 0.9714070558547974, 0.9699021577835083, 0.9648858904838562, 0.9744168519973755, 0.9756709337234497, 0.9681465029716492, 0.9709054231643677], 'Precision@5': [0.951492428779602, 0.9514923095703125, 0.9504390358924866, 0.9544019103050232, 0.9521445035934448, 0.9517431855201721, 0.9520440697669983, 0.9538502097129822, 0.9504891633987427, 0.9534487724304199, 0.9502382874488831, 0.9514421820640564, 0.9516931176185608, 0.9528468251228333, 0.9505894780158997, 0.9506899118423462, 0.9506898522377014, 0.9566091299057007, 0.9502382278442383, 0.9509907364845276], 'Precision@10': [0.9328316450119019, 0.9322044253349304, 0.9320038557052612, 0.9350136518478394, 0.9339351058006287, 0.9319034814834595, 0.932630717754364, 0.9342612624168396, 0.9321792721748352, 0.9336340427398682, 0.9314521551132202, 0.9322295188903809, 0.9316526055335999, 0.9338598251342773, 0.9341358542442322, 0.9324303269386292, 0.93062424659729, 0.9363930225372314, 0.9312010407447815, 0.9331073760986328], 'Recall@1': [0.007669906131923199, 0.007568593602627516, 0.00724536320194602, 0.007448913529515266, 0.0074971807189285755, 0.007642037700861692, 0.007629911415278912, 0.007626041304320097, 0.007576372940093279, 0.007405675016343594, 0.007517124060541391, 0.007453812286257744, 0.0074478439055383205, 0.007544906809926033, 0.007261735387146473, 0.006761331111192703, 0.007778349798172712, 0.007683921605348587, 0.007052654400467873, 0.007378137204796076], 'Recall@5': [0.027348756790161133, 0.026194412261247635, 0.027385031804442406, 0.02776419185101986, 0.027321813628077507, 0.02759849652647972, 0.02722431719303131, 0.028262775391340256, 0.026818422600626945, 0.027680708095431328, 0.026526130735874176, 0.02735653892159462, 0.02754831686615944, 0.02814594656229019, 0.02654820680618286, 0.026866193860769272, 0.0270917359739542, 0.029003692790865898, 0.027059147134423256, 0.026706108823418617], 'Recall@10': [0.04409905523061752, 0.043163739144802094, 0.0443328395485878, 0.04495460167527199, 0.04438311606645584, 0.04408468306064606, 0.043968237936496735, 0.04515201970934868, 0.043638236820697784, 0.04460865631699562, 0.04313705116510391, 0.044048961251974106, 0.044244375079870224, 0.04515529051423073, 0.043619174510240555, 0.04392164945602417, 0.0434969961643219, 0.04616965353488922, 0.043772295117378235, 0.04362814873456955], 'NDCG@5': [0.9576801657676697, 0.9577677845954895, 0.9555708169937134, 0.9598288536071777, 0.9584821462631226, 0.9576380848884583, 0.9576854705810547, 0.9596418738365173, 0.9563971757888794, 0.9593158960342407, 0.9558846354484558, 0.957379937171936, 0.9572519659996033, 0.9582124352455139, 0.9560357928276062, 0.9553014039993286, 0.9572421312332153, 0.9622299671173096, 0.9555713534355164, 0.9568237066268921], 'NDCG@10': [0.9447212815284729, 0.9439209699630737, 0.943040668964386, 0.9465596079826355, 0.9455356001853943, 0.9439319372177124, 0.9442378878593445, 0.9461582899093628, 0.9436034560203552, 0.9455336332321167, 0.9427489042282104, 0.9440277218818665, 0.9435020685195923, 0.9453994035720825, 0.9444387555122375, 0.9428449869155884, 0.9430981874465942, 0.9484058022499084, 0.9424033761024475, 0.9442912936210632], 'NDCG@20': [0.9254541397094727, 0.9224409461021423, 0.9229936003684998, 0.925634503364563, 0.9244421124458313, 0.9245554208755493, 0.9246905446052551, 0.9264656901359558, 0.9234815835952759, 0.9249667525291443, 0.9227479696273804, 0.9237315654754639, 0.9240009784698486, 0.9257504343986511, 0.9245372414588928, 0.9236415028572083, 0.9234258532524109, 0.9261142611503601, 0.9209159016609192, 0.9243826270103455]}}
ONE STAGE
Precision@1 : 
 mean: 0.8844243705272674 
 standard error: 0.0024156515645018042
Precision@5 : 
 mean: 0.8726884871721268 
 standard error: 0.0023584207761039723
Precision@10 : 
 mean: 0.8758683443069458 
 standard error: 0.0017243059404898418
Recall@1 : 
 mean: 0.0029342042980715632 
 standard error: 3.415231705926679e-05
Recall@5 : 
 mean: 0.014486876968294381 
 standard error: 0.00012877877245350615
Recall@10 : 
 mean: 0.030657737143337728 
 standard error: 0.0005356831958313982
NDCG@5 : 
 mean: 0.8752500116825104 
 standard error: 0.0019410116849491708
NDCG@10 : 
 mean: 0.8763525485992432 
 standard error: 0.0013597076464313689
NDCG@20 : 
 mean: 0.8711114436388016 
 standard error: 0.004285995050587877
TWO STAGE
Precision@1 : 
 mean: 0.9717080444097519 
 standard error: 0.002459517808499129
Precision@5 : 
 mean: 0.9518786668777466 
 standard error: 0.0016021134782047517
Precision@10 : 
 mean: 0.9328841716051102 
 standard error: 0.0013762831497517998
Recall@1 : 
 mean: 0.007459490606561303 
 standard error: 0.00023148631917106502
Recall@5 : 
 mean: 0.02732254723086953 
 standard error: 0.0006452027578789688
Recall@10 : 
 mean: 0.04417893905192614 
 standard error: 0.0007251703865735811
NDCG@5 : 
 mean: 0.9575970798730851 
 standard error: 0.0016728292022244664
NDCG@10 : 
 mean: 0.9444201916456223 
 standard error: 0.0014527770302316324
NDCG@20 : 
 mean: 0.9242186814546585 
 standard error: 0.0013250585024644182
loaded full_impression_feats.pt
##########################################
ALGORITHMS EVALUATION 
 with loss type: loss_ips
{'one_stage': {'Precision@1': [0.9016804695129395, 0.9059443473815918, 0.8989214897155762, 0.8918986916542053, 0.8999247550964355, 0.8798595666885376, 0.8758465051651001, 0.9026837348937988, 0.905693531036377, 0.8703285455703735, 0.8806120157241821, 0.8645598292350769, 0.8936544060707092, 0.9021821022033691, 0.8906446099281311, 0.9006772041320801, 0.8881364464759827, 0.892400324344635, 0.9109606146812439, 0.8896413445472717], 'Precision@5': [0.8805646300315857, 0.8821691274642944, 0.9027847051620483, 0.897017240524292, 0.8765509724617004, 0.8619550466537476, 0.8632094264030457, 0.8927032947540283, 0.8874871134757996, 0.8849786520004272, 0.874094545841217, 0.8702817559242249, 0.8853803873062134, 0.8910987973213196, 0.8860825300216675, 0.9008789658546448, 0.8895438313484192, 0.881417453289032, 0.8958125710487366, 0.8737432360649109], 'Precision@10': [0.8358871340751648, 0.878025233745575, 0.8999985456466675, 0.8822898864746094, 0.8593140244483948, 0.8506367802619934, 0.8479026556015015, 0.8741897344589233, 0.8755926489830017, 0.88459712266922, 0.8479753732681274, 0.8267561197280884, 0.8915202021598816, 0.8622735142707825, 0.8653110265731812, 0.8926499485969543, 0.8550260663032532, 0.8737866282463074, 0.8881598711013794, 0.8325780630111694], 'Recall@1': [0.003201593179255724, 0.0033172592520713806, 0.0031328038312494755, 0.0030743691604584455, 0.0034771419595927, 0.0030025774613022804, 0.002982043195515871, 0.0033202548511326313, 0.00333364587277174, 0.0028942166827619076, 0.0030342054087668657, 0.0028670283500105143, 0.003332893829792738, 0.0035018615890294313, 0.0031019661109894514, 0.0031715899240225554, 0.0030610994435846806, 0.0030745312105864286, 0.0034685491118580103, 0.0034115498419851065], 'Recall@5': [0.015480294823646545, 0.016453703865408897, 0.01634731888771057, 0.016728943213820457, 0.015627745538949966, 0.014652464538812637, 0.014727737754583359, 0.016216522082686424, 0.016254093497991562, 0.016370262950658798, 0.015672480687499046, 0.015286368317902088, 0.016285819932818413, 0.01865551806986332, 0.016170410439372063, 0.016312435269355774, 0.016523608937859535, 0.01621033065021038, 0.01644538901746273, 0.015201342292129993], 'Recall@10': [0.02752745896577835, 0.03454533591866493, 0.0327402800321579, 0.03143759071826935, 0.031760238111019135, 0.02874249406158924, 0.029024619609117508, 0.03151325508952141, 0.030405335128307343, 0.03302299976348877, 0.029333749786019325, 0.034914836287498474, 0.03232816979289055, 0.036880236119031906, 0.02952679991722107, 0.032344065606594086, 0.029772348701953888, 0.03425322100520134, 0.031676579266786575, 0.02793322689831257], 'NDCG@5': [0.8866994976997375, 0.8866243958473206, 0.9016500115394592, 0.8963530659675598, 0.8820977210998535, 0.8653805255889893, 0.8654047250747681, 0.895409107208252, 0.8921719193458557, 0.8820443153381348, 0.8754288554191589, 0.8694660663604736, 0.8858444690704346, 0.8930121660232544, 0.8875055313110352, 0.9006390571594238, 0.8895862698554993, 0.8844349980354309, 0.8993091583251953, 0.8767908811569214], 'NDCG@10': [0.8532336354255676, 0.8819201588630676, 0.9004059433937073, 0.8864579796791077, 0.8681139349937439, 0.8564050793647766, 0.8543500900268555, 0.881584882736206, 0.8824594616889954, 0.883161723613739, 0.8572225570678711, 0.8397606611251831, 0.8900056481361389, 0.8723179697990417, 0.8722047805786133, 0.8950446248054504, 0.8657942414283752, 0.8777393102645874, 0.8928343057632446, 0.8480713367462158], 'NDCG@20': [0.825230598449707, 0.8489958643913269, 0.8520926833152771, 0.8377019166946411, 0.811001181602478, 0.8308727145195007, 0.8188679218292236, 0.8551536798477173, 0.8327251076698303, 0.8341319561004639, 0.8163508176803589, 0.77564936876297, 0.8335875868797302, 0.7991791367530823, 0.8548851013183594, 0.8541616201400757, 0.8295178413391113, 0.8482542037963867, 0.8509528636932373, 0.7796308994293213]}, 'two_stage': {'Precision@1': [0.948833703994751, 0.9756709337234497, 0.9518435001373291, 0.9643842577934265, 0.9734135866165161, 0.948833703994751, 0.9418109059333801, 0.9729119539260864, 0.9523451328277588, 0.9428141713142395, 0.9691497087478638, 0.9749184846878052, 0.9530975818634033, 0.9741660356521606, 0.9453222751617432, 0.9746676683425903, 0.9433158040046692, 0.9714070558547974, 0.9465763568878174, 0.9691497087478638], 'Precision@5': [0.9304746389389038, 0.949335515499115, 0.9316279888153076, 0.93794846534729, 0.9351896643638611, 0.9286684393882751, 0.9256584644317627, 0.9421119093894958, 0.9301233291625977, 0.9317782521247864, 0.9359921216964722, 0.9429649114608765, 0.9297218918800354, 0.9446702599525452, 0.9276150465011597, 0.9433660507202148, 0.9222984313964844, 0.941209077835083, 0.9301736354827881, 0.9290198087692261], 'Precision@10': [0.900822103023529, 0.9198869466781616, 0.9152722954750061, 0.9190855622291565, 0.8955269455909729, 0.9073455929756165, 0.9141952395439148, 0.9207152724266052, 0.9131419062614441, 0.9183841943740845, 0.9156493544578552, 0.8996151089668274, 0.9149478077888489, 0.9083486199378967, 0.9039593935012817, 0.9279152750968933, 0.8961560130119324, 0.92327481508255, 0.9008485674858093, 0.8821344971656799], 'Recall@1': [0.004499442409723997, 0.00792643055319786, 0.004539077635854483, 0.006442513316869736, 0.007786241360008717, 0.004393839277327061, 0.004199746996164322, 0.007770975586026907, 0.004475752357393503, 0.004286688286811113, 0.007459762506186962, 0.009375907480716705, 0.0045397114008665085, 0.00929317343980074, 0.004288797732442617, 0.009563090279698372, 0.004320240579545498, 0.007721071131527424, 0.004338901024311781, 0.007536894176155329], 'Recall@5': [0.01905914954841137, 0.030169375240802765, 0.019106414169073105, 0.02205989509820938, 0.022559309378266335, 0.018702013418078423, 0.018175028264522552, 0.02350221760571003, 0.018921922892332077, 0.019769277423620224, 0.022386740893125534, 0.02638326771557331, 0.018891170620918274, 0.02672579325735569, 0.01856151595711708, 0.0263370331376791, 0.01846180111169815, 0.023482102900743484, 0.01906006410717964, 0.02169083058834076], 'Recall@10': [0.03411457687616348, 0.0458260141313076, 0.03539144620299339, 0.038422491401433945, 0.037163376808166504, 0.03453829884529114, 0.03432122990489006, 0.03945261612534523, 0.034345973283052444, 0.03679075464606285, 0.038052864372730255, 0.04126092419028282, 0.03496645763516426, 0.041619352996349335, 0.03389229252934456, 0.043404240161180496, 0.0339742973446846, 0.04027945175766945, 0.03454241901636124, 0.03567538782954216], 'NDCG@5': [0.9347596168518066, 0.9570112228393555, 0.936362087726593, 0.9441846609115601, 0.9438939094543457, 0.9328465461730957, 0.9291127920150757, 0.9494775533676147, 0.9348233938217163, 0.9336696267127991, 0.9434134364128113, 0.9524802565574646, 0.9346038699150085, 0.9537982940673828, 0.9312730431556702, 0.9521458148956299, 0.9269096255302429, 0.948654294013977, 0.934179961681366, 0.9383689761161804], 'NDCG@10': [0.9129462242126465, 0.9366461038589478, 0.9235701560974121, 0.9299046993255615, 0.9151727557182312, 0.9169754385948181, 0.9200724959373474, 0.9336580634117126, 0.92158442735672, 0.9237709045410156, 0.9281724691390991, 0.9218730926513672, 0.9226715564727783, 0.9280941486358643, 0.9139432311058044, 0.9406422972679138, 0.9073753952980042, 0.9350969791412354, 0.9129480719566345, 0.9042126536369324], 'NDCG@20': [0.8783280849456787, 0.8898583054542542, 0.8917533755302429, 0.8795432448387146, 0.8841787576675415, 0.880436360836029, 0.8846980333328247, 0.8924360275268555, 0.8716830015182495, 0.8942729234695435, 0.8857393860816956, 0.8515640497207642, 0.8778641223907471, 0.8771474957466125, 0.8781722187995911, 0.9034269452095032, 0.8562720417976379, 0.9016997218132019, 0.8808233141899109, 0.8378002047538757]}}
ONE STAGE
Precision@1 : 
 mean: 0.8923125267028809 
 standard error: 0.012294108680034744
Precision@5 : 
 mean: 0.8838877141475677 
 standard error: 0.01120218973391026
Precision@10 : 
 mean: 0.8662235289812088 
 standard error: 0.020754297351126598
Recall@1 : 
 mean: 0.0031880590133368967 
 standard error: 0.00019102068116330802
Recall@5 : 
 mean: 0.01608113953843713 
 standard error: 0.0008321408488719644
Recall@10 : 
 mean: 0.03148414203897119 
 standard error: 0.002427137746416579
NDCG@5 : 
 mean: 0.8857926368713379 
 standard error: 0.01069366790500671
NDCG@10 : 
 mean: 0.8729544162750245 
 standard error: 0.016636142301210483
NDCG@20 : 
 mean: 0.82944715321064 
 standard error: 0.023112104276329787
TWO STAGE
Precision@1 : 
 mean: 0.9597316265106202 
 standard error: 0.01278331921161602
Precision@5 : 
 mean: 0.934497395157814 
 standard error: 0.007149794102529478
Precision@10 : 
 mean: 0.9098612755537033 
 standard error: 0.011121084520529461
Recall@1 : 
 mean: 0.006237912876531482 
 standard error: 0.0019697868105371325
Recall@5 : 
 mean: 0.021700246166437863 
 standard error: 0.003390736113064731
Recall@10 : 
 mean: 0.03740172330290079 
 standard error: 0.003443012945280757
NDCG@5 : 
 mean: 0.9405984491109848 
 standard error: 0.008875175460800015
NDCG@10 : 
 mean: 0.9224665582180023 
 standard error: 0.009601448459243626
NDCG@20 : 
 mean: 0.8798848807811737 
 standard error: 0.015695754273871668
loaded full_impression_feats.pt
##########################################
ALGORITHMS EVALUATION 
 with loss type: loss_2s
{'one_stage': {'Precision@1': [0.918735921382904, 0.9252570867538452, 0.9300225973129272, 0.9377978444099426, 0.9315274357795715, 0.9199899435043335, 0.9255079030990601, 0.917231023311615, 0.9232505559921265, 0.9332831501960754, 0.9197391271591187, 0.9212440252304077, 0.9212440252304077, 0.938801109790802, 0.9019312858581543, 0.9297717809677124, 0.9237521886825562, 0.9177326560020447, 0.9395535588264465, 0.9197391271591187], 'Precision@5': [0.9366443753242493, 0.9226998686790466, 0.9341868758201599, 0.9336348176002502, 0.9010326266288757, 0.9184356927871704, 0.9135698080062866, 0.9360926151275635, 0.9221475720405579, 0.940657377243042, 0.9333338737487793, 0.9209436178207397, 0.9272640943527222, 0.9348891973495483, 0.9207432270050049, 0.9282682538032532, 0.926461398601532, 0.927765429019928, 0.9378982782363892, 0.9089553952217102], 'Precision@10': [0.8875784277915955, 0.8353321552276611, 0.8688456416130066, 0.8800076246261597, 0.8416539430618286, 0.885072648525238, 0.88916015625, 0.8698484301567078, 0.9038582444190979, 0.9041857719421387, 0.920740008354187, 0.9123632311820984, 0.9074712991714478, 0.8604916334152222, 0.8912181854248047, 0.8773157000541687, 0.9108076095581055, 0.9061424732208252, 0.9155986309051514, 0.8803083300590515], 'Recall@1': [0.00348133803345263, 0.0037020586896687746, 0.004017159808427095, 0.0041716513223946095, 0.004013433586806059, 0.003439189400523901, 0.0036105564795434475, 0.003416750580072403, 0.0035140798427164555, 0.004797158297151327, 0.003434936748817563, 0.0035891388542950153, 0.0034512372221797705, 0.004186640493571758, 0.003263006219640374, 0.004472625441849232, 0.004360668361186981, 0.003363874740898609, 0.00439087301492691, 0.0035117340739816427], 'Recall@5': [0.02504768967628479, 0.022540360689163208, 0.02655939944088459, 0.024382334202528, 0.023403503000736237, 0.01871875301003456, 0.01829477585852146, 0.02599068358540535, 0.018422620370984077, 0.027216292917728424, 0.025215541943907738, 0.018339108675718307, 0.021781308576464653, 0.029085613787174225, 0.018424468114972115, 0.026421042159199715, 0.02194911241531372, 0.02115793339908123, 0.025793086737394333, 0.017552128061652184], 'Recall@10': [0.044314686208963394, 0.03746534511446953, 0.04516182839870453, 0.04107039049267769, 0.04139583557844162, 0.04187167435884476, 0.03993171453475952, 0.04383772239089012, 0.03707940876483917, 0.04675740376114845, 0.04770646616816521, 0.04023044928908348, 0.03945624455809593, 0.04261387139558792, 0.03411579877138138, 0.045405980199575424, 0.042176589369773865, 0.039811234921216965, 0.047563336789608, 0.04161014407873154], 'NDCG@5': [0.9345718026161194, 0.9228575229644775, 0.9335663914680481, 0.9350472688674927, 0.9088297486305237, 0.9194275140762329, 0.9158850312232971, 0.933404803276062, 0.9225772619247437, 0.9404727220535278, 0.9287195801734924, 0.9203964471817017, 0.9262803196907043, 0.9340541958808899, 0.916989266872406, 0.9296747446060181, 0.9274071455001831, 0.9244504570960999, 0.9380062222480774, 0.91262286901474], 'NDCG@10': [0.9027630090713501, 0.8635058403015137, 0.8895912170410156, 0.898928701877594, 0.8655468821525574, 0.8953560590744019, 0.898196816444397, 0.889999270439148, 0.9100738167762756, 0.9173587560653687, 0.9214555621147156, 0.9138083457946777, 0.9134371280670166, 0.8848866820335388, 0.8980899453163147, 0.8952049612998962, 0.9162738919258118, 0.9111670255661011, 0.9234122037887573, 0.8901866674423218], 'NDCG@20': [0.7993535995483398, 0.7315142154693604, 0.7959843873977661, 0.812528133392334, 0.7852110266685486, 0.8051775097846985, 0.8048608303070068, 0.7708541750907898, 0.787178635597229, 0.805176854133606, 0.8290420174598694, 0.8451840281486511, 0.7915195226669312, 0.7642461061477661, 0.8107333779335022, 0.7884424328804016, 0.8388828039169312, 0.8003766536712646, 0.8101006746292114, 0.838357150554657]}, 'two_stage': {'Precision@1': [0.9741660356521606, 0.9739152193069458, 0.9769250154495239, 0.9801856279373169, 0.981941282749176, 0.9806872606277466, 0.9806872606277466, 0.9746676683425903, 0.9766741991043091, 0.9771758317947388, 0.9816904664039612, 0.9809380769729614, 0.9769250154495239, 0.9746676683425903, 0.978429913520813, 0.9786807298660278, 0.9794331789016724, 0.9734135866165161, 0.9759217500686646, 0.9794331789016724], 'Precision@5': [0.963180422782898, 0.955304741859436, 0.9565091729164124, 0.9595184326171875, 0.965738832950592, 0.9643846750259399, 0.9654881954193115, 0.9628292918205261, 0.9615250825881958, 0.964033305644989, 0.9676451683044434, 0.967544674873352, 0.9624781608581543, 0.9590671062469482, 0.9523451924324036, 0.9591677188873291, 0.9672436714172363, 0.9598696827888489, 0.9642338752746582, 0.9681967496871948], 'Precision@10': [0.9356882572174072, 0.9216911196708679, 0.9142682552337646, 0.9392758011817932, 0.9407559633255005, 0.9334055781364441, 0.9409811496734619, 0.9345850348472595, 0.9417850971221924, 0.9329033493995667, 0.9465513229370117, 0.9445934891700745, 0.9426376819610596, 0.9250789880752563, 0.9325294494628906, 0.9380971193313599, 0.9474286437034607, 0.9321279525756836, 0.9388484358787537, 0.9457460641860962], 'Recall@1': [0.007828607223927975, 0.007857348769903183, 0.00791627261787653, 0.008110469207167625, 0.00829984713345766, 0.008155708201229572, 0.008155708201229572, 0.0077854846604168415, 0.007758714724332094, 0.007838403806090355, 0.008180804550647736, 0.008163902908563614, 0.007954449392855167, 0.00787779875099659, 0.007891759276390076, 0.00795092061161995, 0.008085387758910656, 0.007816215045750141, 0.007974326610565186, 0.007954354397952557], 'Recall@5': [0.03371934965252876, 0.028804775327444077, 0.03303876146674156, 0.02918780781328678, 0.0344836451113224, 0.03439386934041977, 0.03397237882018089, 0.0335661917924881, 0.031078606843948364, 0.03380809351801872, 0.03547077998518944, 0.0347379706799984, 0.032662488520145416, 0.03318922594189644, 0.025926191359758377, 0.03203728795051575, 0.03473490849137306, 0.03223875164985657, 0.034371234476566315, 0.034837450832128525], 'Recall@10': [0.051444873213768005, 0.04675900936126709, 0.05047127604484558, 0.04822443425655365, 0.05358073487877846, 0.053465068340301514, 0.05290715768933296, 0.051416121423244476, 0.04924808815121651, 0.05255042016506195, 0.05358016490936279, 0.053176149725914, 0.05102278292179108, 0.050070974975824356, 0.043502360582351685, 0.050156768411397934, 0.05396917089819908, 0.049849096685647964, 0.05292699858546257, 0.055149294435977936], 'NDCG@5': [0.9669326543807983, 0.960541844367981, 0.9630006551742554, 0.9652095437049866, 0.9702649116516113, 0.9693643450737, 0.9698839783668518, 0.9668389558792114, 0.9660504460334778, 0.9682722091674805, 0.9719331860542297, 0.9712273478507996, 0.9665263891220093, 0.9646028876304626, 0.9593726992607117, 0.965025007724762, 0.9708255529403687, 0.9642303586006165, 0.9680708646774292, 0.971527636051178], 'NDCG@10': [0.9495087265968323, 0.9378854632377625, 0.9343294501304626, 0.95116126537323, 0.9541527628898621, 0.9490742087364197, 0.954075276851654, 0.9488285183906555, 0.9530561566352844, 0.9479606747627258, 0.958508312702179, 0.9566954374313354, 0.9538041353225708, 0.9423701167106628, 0.9447610974311829, 0.9507156610488892, 0.9585476517677307, 0.9463526606559753, 0.9519919157028198, 0.9575487971305847], 'NDCG@20': [0.8542296290397644, 0.819001317024231, 0.8567718863487244, 0.8840939402580261, 0.871580183506012, 0.8617711663246155, 0.8599548935890198, 0.8566091060638428, 0.8671189546585083, 0.8600265979766846, 0.8876577019691467, 0.8993334174156189, 0.8782303929328918, 0.8393493294715881, 0.8812510371208191, 0.8532314896583557, 0.9023811221122742, 0.8525696992874146, 0.8722389936447144, 0.8991126418113708]}}
ONE STAGE
Precision@1 : 
 mean: 0.9248056173324585 
 standard error: 0.00872555534002067
Precision@5 : 
 mean: 0.9262812197208404 
 standard error: 0.010106261742519978
Precision@10 : 
 mean: 0.8874000072479248 
 standard error: 0.023231952919545718
Recall@1 : 
 mean: 0.003809405560605228 
 standard error: 0.00043907081262737116
Recall@5 : 
 mean: 0.022814787831157445 
 standard error: 0.00350979217011399
Recall@10 : 
 mean: 0.041978806257247925 
 standard error: 0.003492014758915843
NDCG@5 : 
 mean: 0.9262620657682419 
 standard error: 0.008553754007296726
NDCG@10 : 
 mean: 0.8999621391296386 
 standard error: 0.01625449678723468
NDCG@20 : 
 mean: 0.8007362067699433 
 standard error: 0.026203206289978312
TWO STAGE
Precision@1 : 
 mean: 0.9778279483318328 
 standard error: 0.002691333532926703
Precision@5 : 
 mean: 0.9623152077198028 
 standard error: 0.004275067239186689
Precision@10 : 
 mean: 0.9364489376544952 
 standard error: 0.008356689402460439
Recall@1 : 
 mean: 0.007977824192494154 
 standard error: 0.00015204412193821573
Recall@5 : 
 mean: 0.03281298847869039 
 standard error: 0.002353653225274665
Recall@10 : 
 mean: 0.05117354728281498 
 standard error: 0.0027188017412761462
NDCG@5 : 
 mean: 0.966985073685646 
 standard error: 0.0034801373982291973
NDCG@10 : 
 mean: 0.9500664144754409 
 standard error: 0.006358435845363629
NDCG@20 : 
 mean: 0.8678256750106812 
 standard error: 0.020468226233785896
