WARNING:tensorflow:From NextItNet.py:151: The name tf.reset_default_graph is deprecated. Please use tf.compat.v1.reset_default_graph instead.

WARNING:tensorflow:From NextItNet.py:39: The name tf.placeholder is deprecated. Please use tf.compat.v1.placeholder instead.

WARNING:tensorflow:From NextItNet.py:77: The name tf.random_normal is deprecated. Please use tf.random.normal instead.

WARNING:tensorflow:From NextItNet.py:45: to_float (from tensorflow.python.ops.math_ops) is deprecated and will be removed in a future version.
Instructions for updating:
Use `tf.cast` instead.
WARNING:tensorflow:From /home/clusterusers/ecavenaghi/RL_RS_Survey/RL4REC/Kaggle/NextItNetModules.py:11: The name tf.variable_scope is deprecated. Please use tf.compat.v1.variable_scope instead.

WARNING:tensorflow:From /home/clusterusers/ecavenaghi/RL_RS_Survey/RL4REC/Kaggle/NextItNetModules.py:38: The name tf.get_variable is deprecated. Please use tf.compat.v1.get_variable instead.

WARNING:tensorflow:From /home/clusterusers/ecavenaghi/.conda/envs/rs_survey_tensorflow1/lib/python3.7/site-packages/tensorflow_core/python/util/dispatch.py:180: calling expand_dims (from tensorflow.python.ops.array_ops) with dim is deprecated and will be removed in a future version.
Instructions for updating:
Use the `axis` argument instead
WARNING:tensorflow:
The TensorFlow contrib module will not be included in TensorFlow 2.0.
For more information, please see:
  * https://github.com/tensorflow/community/blob/master/rfcs/20180907-contrib-sunset.md
  * https://github.com/tensorflow/addons
  * https://github.com/tensorflow/io (for I/O related ops)
If you depend on functionality not listed there, please file an issue.

WARNING:tensorflow:From /home/clusterusers/ecavenaghi/.conda/envs/rs_survey_tensorflow1/lib/python3.7/site-packages/tensorflow_core/contrib/layers/python/layers/layers.py:1866: Layer.apply (from tensorflow.python.keras.engine.base_layer) is deprecated and will be removed in a future version.
Instructions for updating:
Please use `layer.__call__` method instead.
WARNING:tensorflow:From NextItNet.py:71: The name tf.train.AdamOptimizer is deprecated. Please use tf.compat.v1.train.AdamOptimizer instead.

WARNING:tensorflow:From /home/clusterusers/ecavenaghi/.conda/envs/rs_survey_tensorflow1/lib/python3.7/site-packages/tensorflow_core/python/ops/math_grad.py:1375: where (from tensorflow.python.ops.array_ops) is deprecated and will be removed in a future version.
Instructions for updating:
Use tf.where in 2.0, which has the same broadcast rule as np.where
WARNING:tensorflow:From NextItNet.py:156: The name tf.train.Saver is deprecated. Please use tf.compat.v1.train.Saver instead.

WARNING:tensorflow:From NextItNet.py:159: The name tf.Session is deprecated. Please use tf.compat.v1.Session instead.

2022-01-05 12:31:15.400754: I tensorflow/core/platform/cpu_feature_guard.cc:145] This TensorFlow binary is optimized with Intel(R) MKL-DNN to use the following CPU instructions in performance critical operations:  SSE4.1 SSE4.2 AVX AVX2 AVX512F FMA
To enable them in non-MKL-DNN operations, rebuild TensorFlow with the appropriate compiler flags.
2022-01-05 12:31:15.429272: I tensorflow/core/platform/profile_utils/cpu_utils.cc:94] CPU Frequency: 2100000000 Hz
2022-01-05 12:31:15.429630: I tensorflow/compiler/xla/service/service.cc:168] XLA service 0x55a46285fee0 initialized for platform Host (this does not guarantee that XLA will be used). Devices:
2022-01-05 12:31:15.429667: I tensorflow/compiler/xla/service/service.cc:176]   StreamExecutor device (0): Host, Default Version
OMP: Info #155: KMP_AFFINITY: Initial OS proc set respected: 1,17
OMP: Info #216: KMP_AFFINITY: decoding x2APIC ids.
OMP: Info #157: KMP_AFFINITY: 2 available OS procs
OMP: Info #158: KMP_AFFINITY: Uniform topology
OMP: Info #287: KMP_AFFINITY: topology layer "LL cache" is equivalent to "socket".
OMP: Info #287: KMP_AFFINITY: topology layer "L3 cache" is equivalent to "socket".
OMP: Info #287: KMP_AFFINITY: topology layer "L2 cache" is equivalent to "core".
OMP: Info #287: KMP_AFFINITY: topology layer "L1 cache" is equivalent to "core".
OMP: Info #192: KMP_AFFINITY: 1 socket x 1 core/socket x 2 threads/core (1 total cores)
OMP: Info #218: KMP_AFFINITY: OS proc to physical thread map:
OMP: Info #172: KMP_AFFINITY: OS proc 1 maps to socket 0 core 1 thread 0 
OMP: Info #172: KMP_AFFINITY: OS proc 17 maps to socket 0 core 1 thread 1 
OMP: Info #254: KMP_AFFINITY: pid 3475218 tid 3475218 thread 0 bound to OS proc set 1
2022-01-05 12:31:15.430143: I tensorflow/core/common_runtime/process_util.cc:115] Creating new thread pool with default inter op setting: 2. Tune using inter_op_parallelism_threads for best performance.
WARNING:tensorflow:From NextItNet.py:161: The name tf.global_variables_initializer is deprecated. Please use tf.compat.v1.global_variables_initializer instead.

OMP: Info #254: KMP_AFFINITY: pid 3475218 tid 3475240 thread 1 bound to OS proc set 17
OMP: Info #254: KMP_AFFINITY: pid 3475218 tid 3475244 thread 2 bound to OS proc set 1
OMP: Info #254: KMP_AFFINITY: pid 3475218 tid 3475241 thread 3 bound to OS proc set 17
OMP: Info #254: KMP_AFFINITY: pid 3475218 tid 3475245 thread 4 bound to OS proc set 1
WARNING:tensorflow:From NextItNet_TH.py:170: The name tf.reset_default_graph is deprecated. Please use tf.compat.v1.reset_default_graph instead.

WARNING:tensorflow:From NextItNet_TH.py:41: The name tf.placeholder is deprecated. Please use tf.compat.v1.placeholder instead.

WARNING:tensorflow:From NextItNet_TH.py:43: The name tf.variable_scope is deprecated. Please use tf.compat.v1.variable_scope instead.

WARNING:tensorflow:From NextItNet_TH.py:96: The name tf.random_normal is deprecated. Please use tf.random.normal instead.

WARNING:tensorflow:From NextItNet_TH.py:50: to_float (from tensorflow.python.ops.math_ops) is deprecated and will be removed in a future version.
Instructions for updating:
Use `tf.cast` instead.
WARNING:tensorflow:From /home/clusterusers/ecavenaghi/RL_RS_Survey/RL4REC/Kaggle/NextItNetModules.py:38: The name tf.get_variable is deprecated. Please use tf.compat.v1.get_variable instead.

WARNING:tensorflow:From /home/clusterusers/ecavenaghi/.conda/envs/rs_survey_tensorflow1/lib/python3.7/site-packages/tensorflow_core/python/util/dispatch.py:180: calling expand_dims (from tensorflow.python.ops.array_ops) with dim is deprecated and will be removed in a future version.
Instructions for updating:
Use the `axis` argument instead
WARNING:tensorflow:
The TensorFlow contrib module will not be included in TensorFlow 2.0.
For more information, please see:
  * https://github.com/tensorflow/community/blob/master/rfcs/20180907-contrib-sunset.md
  * https://github.com/tensorflow/addons
  * https://github.com/tensorflow/io (for I/O related ops)
If you depend on functionality not listed there, please file an issue.

WARNING:tensorflow:From /home/clusterusers/ecavenaghi/.conda/envs/rs_survey_tensorflow1/lib/python3.7/site-packages/tensorflow_core/contrib/layers/python/layers/layers.py:1866: Layer.apply (from tensorflow.python.keras.engine.base_layer) is deprecated and will be removed in a future version.
Instructions for updating:
Please use `layer.__call__` method instead.
WARNING:tensorflow:From NextItNet_TH.py:90: The name tf.train.AdamOptimizer is deprecated. Please use tf.compat.v1.train.AdamOptimizer instead.

WARNING:tensorflow:From /home/clusterusers/ecavenaghi/.conda/envs/rs_survey_tensorflow1/lib/python3.7/site-packages/tensorflow_core/python/ops/math_grad.py:1375: where (from tensorflow.python.ops.array_ops) is deprecated and will be removed in a future version.
Instructions for updating:
Use tf.where in 2.0, which has the same broadcast rule as np.where
WARNING:tensorflow:From NextItNet_TH.py:177: The name tf.train.Saver is deprecated. Please use tf.compat.v1.train.Saver instead.

WARNING:tensorflow:From NextItNet_TH.py:180: The name tf.Session is deprecated. Please use tf.compat.v1.Session instead.

2022-01-06 22:40:00.683237: I tensorflow/core/platform/cpu_feature_guard.cc:145] This TensorFlow binary is optimized with Intel(R) MKL-DNN to use the following CPU instructions in performance critical operations:  SSE4.1 SSE4.2 AVX AVX2 AVX512F FMA
To enable them in non-MKL-DNN operations, rebuild TensorFlow with the appropriate compiler flags.
2022-01-06 22:40:00.709193: I tensorflow/core/platform/profile_utils/cpu_utils.cc:94] CPU Frequency: 2100000000 Hz
2022-01-06 22:40:00.709438: I tensorflow/compiler/xla/service/service.cc:168] XLA service 0x55e220b75c40 initialized for platform Host (this does not guarantee that XLA will be used). Devices:
2022-01-06 22:40:00.709463: I tensorflow/compiler/xla/service/service.cc:176]   StreamExecutor device (0): Host, Default Version
OMP: Info #155: KMP_AFFINITY: Initial OS proc set respected: 1,17
OMP: Info #216: KMP_AFFINITY: decoding x2APIC ids.
OMP: Info #157: KMP_AFFINITY: 2 available OS procs
OMP: Info #158: KMP_AFFINITY: Uniform topology
OMP: Info #287: KMP_AFFINITY: topology layer "LL cache" is equivalent to "socket".
OMP: Info #287: KMP_AFFINITY: topology layer "L3 cache" is equivalent to "socket".
OMP: Info #287: KMP_AFFINITY: topology layer "L2 cache" is equivalent to "core".
OMP: Info #287: KMP_AFFINITY: topology layer "L1 cache" is equivalent to "core".
OMP: Info #192: KMP_AFFINITY: 1 socket x 1 core/socket x 2 threads/core (1 total cores)
OMP: Info #218: KMP_AFFINITY: OS proc to physical thread map:
OMP: Info #172: KMP_AFFINITY: OS proc 1 maps to socket 0 core 1 thread 0 
OMP: Info #172: KMP_AFFINITY: OS proc 17 maps to socket 0 core 1 thread 1 
OMP: Info #254: KMP_AFFINITY: pid 3503488 tid 3503488 thread 0 bound to OS proc set 1
2022-01-06 22:40:00.709796: I tensorflow/core/common_runtime/process_util.cc:115] Creating new thread pool with default inter op setting: 2. Tune using inter_op_parallelism_threads for best performance.
WARNING:tensorflow:From NextItNet_TH.py:182: The name tf.global_variables_initializer is deprecated. Please use tf.compat.v1.global_variables_initializer instead.

OMP: Info #254: KMP_AFFINITY: pid 3503488 tid 3503515 thread 1 bound to OS proc set 17
OMP: Info #254: KMP_AFFINITY: pid 3503488 tid 3503518 thread 2 bound to OS proc set 1
OMP: Info #254: KMP_AFFINITY: pid 3503488 tid 3503516 thread 3 bound to OS proc set 17
OMP: Info #254: KMP_AFFINITY: pid 3503488 tid 3503519 thread 4 bound to OS proc set 1
slurmstepd-gpu03: error: *** JOB 78054 ON gpu03 CANCELLED AT 2022-01-07T10:50:44 ***
