WARNING:tensorflow:From GRU.py:136: The name tf.reset_default_graph is deprecated. Please use tf.compat.v1.reset_default_graph instead.

WARNING:tensorflow:From GRU.py:62: The name tf.random_normal is deprecated. Please use tf.random.normal instead.

WARNING:tensorflow:From GRU.py:40: The name tf.placeholder is deprecated. Please use tf.compat.v1.placeholder instead.

WARNING:tensorflow:
The TensorFlow contrib module will not be included in TensorFlow 2.0.
For more information, please see:
  * https://github.com/tensorflow/community/blob/master/rfcs/20180907-contrib-sunset.md
  * https://github.com/tensorflow/addons
  * https://github.com/tensorflow/io (for I/O related ops)
If you depend on functionality not listed there, please file an issue.

WARNING:tensorflow:From GRU.py:47: GRUCell.__init__ (from tensorflow.python.ops.rnn_cell_impl) is deprecated and will be removed in a future version.
Instructions for updating:
This class is equivalent as tf.keras.layers.GRUCell, and will be replaced by that in Tensorflow 2.0.
WARNING:tensorflow:From GRU.py:50: dynamic_rnn (from tensorflow.python.ops.rnn) is deprecated and will be removed in a future version.
Instructions for updating:
Please use `keras.layers.RNN(cell)`, which is equivalent to this API
WARNING:tensorflow:From /home/clusterusers/ecavenaghi/.conda/envs/rs_survey_tensorflow1/lib/python3.7/site-packages/tensorflow_core/python/ops/rnn_cell_impl.py:559: Layer.add_variable (from tensorflow.python.keras.engine.base_layer) is deprecated and will be removed in a future version.
Instructions for updating:
Please use `layer.add_weight` method instead.
WARNING:tensorflow:From /home/clusterusers/ecavenaghi/.conda/envs/rs_survey_tensorflow1/lib/python3.7/site-packages/tensorflow_core/python/ops/rnn_cell_impl.py:565: calling Constant.__init__ (from tensorflow.python.ops.init_ops) with dtype is deprecated and will be removed in a future version.
Instructions for updating:
Call initializer instance with the dtype argument instead of passing it to the constructor
WARNING:tensorflow:From /home/clusterusers/ecavenaghi/.conda/envs/rs_survey_tensorflow1/lib/python3.7/site-packages/tensorflow_core/python/ops/rnn_cell_impl.py:575: calling Zeros.__init__ (from tensorflow.python.ops.init_ops) with dtype is deprecated and will be removed in a future version.
Instructions for updating:
Call initializer instance with the dtype argument instead of passing it to the constructor
WARNING:tensorflow:From /home/clusterusers/ecavenaghi/.conda/envs/rs_survey_tensorflow1/lib/python3.7/site-packages/tensorflow_core/python/ops/rnn.py:244: where (from tensorflow.python.ops.array_ops) is deprecated and will be removed in a future version.
Instructions for updating:
Use tf.where in 2.0, which has the same broadcast rule as np.where
WARNING:tensorflow:From /home/clusterusers/ecavenaghi/.conda/envs/rs_survey_tensorflow1/lib/python3.7/site-packages/tensorflow_core/contrib/layers/python/layers/layers.py:1866: Layer.apply (from tensorflow.python.keras.engine.base_layer) is deprecated and will be removed in a future version.
Instructions for updating:
Please use `layer.__call__` method instead.
WARNING:tensorflow:From GRU.py:57: The name tf.train.AdamOptimizer is deprecated. Please use tf.compat.v1.train.AdamOptimizer instead.

WARNING:tensorflow:From GRU.py:141: The name tf.train.Saver is deprecated. Please use tf.compat.v1.train.Saver instead.

WARNING:tensorflow:From GRU.py:144: The name tf.Session is deprecated. Please use tf.compat.v1.Session instead.

2022-01-03 17:11:42.159773: I tensorflow/core/platform/cpu_feature_guard.cc:145] This TensorFlow binary is optimized with Intel(R) MKL-DNN to use the following CPU instructions in performance critical operations:  SSE4.1 SSE4.2 AVX AVX2 AVX512F FMA
To enable them in non-MKL-DNN operations, rebuild TensorFlow with the appropriate compiler flags.
2022-01-03 17:11:42.200960: I tensorflow/core/platform/profile_utils/cpu_utils.cc:94] CPU Frequency: 2100000000 Hz
2022-01-03 17:11:42.201272: I tensorflow/compiler/xla/service/service.cc:168] XLA service 0x55d4ec995440 initialized for platform Host (this does not guarantee that XLA will be used). Devices:
2022-01-03 17:11:42.201322: I tensorflow/compiler/xla/service/service.cc:176]   StreamExecutor device (0): Host, Default Version
OMP: Info #155: KMP_AFFINITY: Initial OS proc set respected: 0,16
OMP: Info #216: KMP_AFFINITY: decoding x2APIC ids.
OMP: Info #157: KMP_AFFINITY: 2 available OS procs
OMP: Info #158: KMP_AFFINITY: Uniform topology
OMP: Info #287: KMP_AFFINITY: topology layer "LL cache" is equivalent to "socket".
OMP: Info #287: KMP_AFFINITY: topology layer "L3 cache" is equivalent to "socket".
OMP: Info #287: KMP_AFFINITY: topology layer "L2 cache" is equivalent to "core".
OMP: Info #287: KMP_AFFINITY: topology layer "L1 cache" is equivalent to "core".
OMP: Info #192: KMP_AFFINITY: 1 socket x 1 core/socket x 2 threads/core (1 total cores)
OMP: Info #218: KMP_AFFINITY: OS proc to physical thread map:
OMP: Info #172: KMP_AFFINITY: OS proc 0 maps to socket 0 core 0 thread 0 
OMP: Info #172: KMP_AFFINITY: OS proc 16 maps to socket 0 core 0 thread 1 
OMP: Info #254: KMP_AFFINITY: pid 3124580 tid 3124580 thread 0 bound to OS proc set 0
2022-01-03 17:11:42.202193: I tensorflow/core/common_runtime/process_util.cc:115] Creating new thread pool with default inter op setting: 2. Tune using inter_op_parallelism_threads for best performance.
WARNING:tensorflow:From GRU.py:146: The name tf.global_variables_initializer is deprecated. Please use tf.compat.v1.global_variables_initializer instead.

OMP: Info #254: KMP_AFFINITY: pid 3124580 tid 3124605 thread 1 bound to OS proc set 16
OMP: Info #254: KMP_AFFINITY: pid 3124580 tid 3124609 thread 2 bound to OS proc set 0
OMP: Info #254: KMP_AFFINITY: pid 3124580 tid 3124606 thread 3 bound to OS proc set 16
OMP: Info #254: KMP_AFFINITY: pid 3124580 tid 3124610 thread 4 bound to OS proc set 0
