WARNING:tensorflow:From SASRec.py:168: The name tf.reset_default_graph is deprecated. Please use tf.compat.v1.reset_default_graph instead.

WARNING:tensorflow:From SASRec.py:39: The name tf.placeholder is deprecated. Please use tf.compat.v1.placeholder instead.

WARNING:tensorflow:From SASRec.py:91: The name tf.random_normal is deprecated. Please use tf.random.normal instead.

WARNING:tensorflow:From SASRec.py:52: to_float (from tensorflow.python.ops.math_ops) is deprecated and will be removed in a future version.
Instructions for updating:
Use `tf.cast` instead.
WARNING:tensorflow:From SASRec.py:56: dropout (from tensorflow.python.layers.core) is deprecated and will be removed in a future version.
Instructions for updating:
Use keras.layers.dropout instead.
WARNING:tensorflow:From /home/clusterusers/ecavenaghi/.conda/envs/rs_survey_tensorflow1/lib/python3.7/site-packages/tensorflow_core/python/layers/core.py:271: Layer.apply (from tensorflow.python.keras.engine.base_layer) is deprecated and will be removed in a future version.
Instructions for updating:
Please use `layer.__call__` method instead.
WARNING:tensorflow:From SASRec.py:62: The name tf.variable_scope is deprecated. Please use tf.compat.v1.variable_scope instead.

WARNING:tensorflow:From /home/clusterusers/ecavenaghi/RL_RS_Survey/RL4REC/Kaggle/SASRecModules.py:142: dense (from tensorflow.python.layers.core) is deprecated and will be removed in a future version.
Instructions for updating:
Use keras.layers.Dense instead.
WARNING:tensorflow:From /home/clusterusers/ecavenaghi/RL_RS_Survey/RL4REC/Kaggle/SASRecModules.py:163: where (from tensorflow.python.ops.array_ops) is deprecated and will be removed in a future version.
Instructions for updating:
Use tf.where in 2.0, which has the same broadcast rule as np.where
WARNING:tensorflow:From /home/clusterusers/ecavenaghi/RL_RS_Survey/RL4REC/Kaggle/SASRecModules.py:223: conv1d (from tensorflow.python.layers.convolutional) is deprecated and will be removed in a future version.
Instructions for updating:
Use `tf.keras.layers.Conv1D` instead.
WARNING:tensorflow:
The TensorFlow contrib module will not be included in TensorFlow 2.0.
For more information, please see:
  * https://github.com/tensorflow/community/blob/master/rfcs/20180907-contrib-sunset.md
  * https://github.com/tensorflow/addons
  * https://github.com/tensorflow/io (for I/O related ops)
If you depend on functionality not listed there, please file an issue.

WARNING:tensorflow:From SASRec.py:86: The name tf.train.AdamOptimizer is deprecated. Please use tf.compat.v1.train.AdamOptimizer instead.

WARNING:tensorflow:From SASRec.py:173: The name tf.train.Saver is deprecated. Please use tf.compat.v1.train.Saver instead.

WARNING:tensorflow:From SASRec.py:176: The name tf.Session is deprecated. Please use tf.compat.v1.Session instead.

2022-01-12 04:44:12.750947: I tensorflow/core/platform/cpu_feature_guard.cc:145] This TensorFlow binary is optimized with Intel(R) MKL-DNN to use the following CPU instructions in performance critical operations:  SSE4.1 SSE4.2 AVX AVX2 AVX512F FMA
To enable them in non-MKL-DNN operations, rebuild TensorFlow with the appropriate compiler flags.
2022-01-12 04:44:12.776835: I tensorflow/core/platform/profile_utils/cpu_utils.cc:94] CPU Frequency: 2100000000 Hz
2022-01-12 04:44:12.777102: I tensorflow/compiler/xla/service/service.cc:168] XLA service 0x55cce0270ac0 initialized for platform Host (this does not guarantee that XLA will be used). Devices:
2022-01-12 04:44:12.777130: I tensorflow/compiler/xla/service/service.cc:176]   StreamExecutor device (0): Host, Default Version
OMP: Info #155: KMP_AFFINITY: Initial OS proc set respected: 1,17
OMP: Info #216: KMP_AFFINITY: decoding x2APIC ids.
OMP: Info #157: KMP_AFFINITY: 2 available OS procs
OMP: Info #158: KMP_AFFINITY: Uniform topology
OMP: Info #287: KMP_AFFINITY: topology layer "LL cache" is equivalent to "socket".
OMP: Info #287: KMP_AFFINITY: topology layer "L3 cache" is equivalent to "socket".
OMP: Info #287: KMP_AFFINITY: topology layer "L2 cache" is equivalent to "core".
OMP: Info #287: KMP_AFFINITY: topology layer "L1 cache" is equivalent to "core".
OMP: Info #192: KMP_AFFINITY: 1 socket x 1 core/socket x 2 threads/core (1 total cores)
OMP: Info #218: KMP_AFFINITY: OS proc to physical thread map:
OMP: Info #172: KMP_AFFINITY: OS proc 1 maps to socket 0 core 1 thread 0 
OMP: Info #172: KMP_AFFINITY: OS proc 17 maps to socket 0 core 1 thread 1 
OMP: Info #254: KMP_AFFINITY: pid 3955927 tid 3955927 thread 0 bound to OS proc set 1
2022-01-12 04:44:12.777543: I tensorflow/core/common_runtime/process_util.cc:115] Creating new thread pool with default inter op setting: 2. Tune using inter_op_parallelism_threads for best performance.
WARNING:tensorflow:From SASRec.py:178: The name tf.global_variables_initializer is deprecated. Please use tf.compat.v1.global_variables_initializer instead.

OMP: Info #254: KMP_AFFINITY: pid 3955927 tid 3955956 thread 1 bound to OS proc set 17
OMP: Info #254: KMP_AFFINITY: pid 3955927 tid 3955955 thread 2 bound to OS proc set 1
OMP: Info #254: KMP_AFFINITY: pid 3955927 tid 3955958 thread 3 bound to OS proc set 17
OMP: Info #254: KMP_AFFINITY: pid 3955927 tid 3955959 thread 4 bound to OS proc set 1
WARNING:tensorflow:From SASRec_TH.py:186: The name tf.reset_default_graph is deprecated. Please use tf.compat.v1.reset_default_graph instead.

WARNING:tensorflow:From SASRec_TH.py:41: The name tf.placeholder is deprecated. Please use tf.compat.v1.placeholder instead.

WARNING:tensorflow:From SASRec_TH.py:43: The name tf.variable_scope is deprecated. Please use tf.compat.v1.variable_scope instead.

WARNING:tensorflow:From SASRec_TH.py:109: The name tf.random_normal is deprecated. Please use tf.random.normal instead.

WARNING:tensorflow:From SASRec_TH.py:56: to_float (from tensorflow.python.ops.math_ops) is deprecated and will be removed in a future version.
Instructions for updating:
Use `tf.cast` instead.
WARNING:tensorflow:From SASRec_TH.py:60: dropout (from tensorflow.python.layers.core) is deprecated and will be removed in a future version.
Instructions for updating:
Use keras.layers.dropout instead.
WARNING:tensorflow:From /home/clusterusers/ecavenaghi/.conda/envs/rs_survey_tensorflow1/lib/python3.7/site-packages/tensorflow_core/python/layers/core.py:271: Layer.apply (from tensorflow.python.keras.engine.base_layer) is deprecated and will be removed in a future version.
Instructions for updating:
Please use `layer.__call__` method instead.
WARNING:tensorflow:From /home/clusterusers/ecavenaghi/RL_RS_Survey/RL4REC/Kaggle/SASRecModules.py:142: dense (from tensorflow.python.layers.core) is deprecated and will be removed in a future version.
Instructions for updating:
Use keras.layers.Dense instead.
WARNING:tensorflow:From /home/clusterusers/ecavenaghi/RL_RS_Survey/RL4REC/Kaggle/SASRecModules.py:163: where (from tensorflow.python.ops.array_ops) is deprecated and will be removed in a future version.
Instructions for updating:
Use tf.where in 2.0, which has the same broadcast rule as np.where
WARNING:tensorflow:From /home/clusterusers/ecavenaghi/RL_RS_Survey/RL4REC/Kaggle/SASRecModules.py:223: conv1d (from tensorflow.python.layers.convolutional) is deprecated and will be removed in a future version.
Instructions for updating:
Use `tf.keras.layers.Conv1D` instead.
WARNING:tensorflow:
The TensorFlow contrib module will not be included in TensorFlow 2.0.
For more information, please see:
  * https://github.com/tensorflow/community/blob/master/rfcs/20180907-contrib-sunset.md
  * https://github.com/tensorflow/addons
  * https://github.com/tensorflow/io (for I/O related ops)
If you depend on functionality not listed there, please file an issue.

WARNING:tensorflow:From SASRec_TH.py:104: The name tf.train.AdamOptimizer is deprecated. Please use tf.compat.v1.train.AdamOptimizer instead.

WARNING:tensorflow:From SASRec_TH.py:193: The name tf.train.Saver is deprecated. Please use tf.compat.v1.train.Saver instead.

WARNING:tensorflow:From SASRec_TH.py:196: The name tf.Session is deprecated. Please use tf.compat.v1.Session instead.

2022-01-13 09:34:31.877453: I tensorflow/core/platform/cpu_feature_guard.cc:145] This TensorFlow binary is optimized with Intel(R) MKL-DNN to use the following CPU instructions in performance critical operations:  SSE4.1 SSE4.2 AVX AVX2 AVX512F FMA
To enable them in non-MKL-DNN operations, rebuild TensorFlow with the appropriate compiler flags.
2022-01-13 09:34:31.904840: I tensorflow/core/platform/profile_utils/cpu_utils.cc:94] CPU Frequency: 2100000000 Hz
2022-01-13 09:34:31.905080: I tensorflow/compiler/xla/service/service.cc:168] XLA service 0x559dd774c3f0 initialized for platform Host (this does not guarantee that XLA will be used). Devices:
2022-01-13 09:34:31.905107: I tensorflow/compiler/xla/service/service.cc:176]   StreamExecutor device (0): Host, Default Version
OMP: Info #155: KMP_AFFINITY: Initial OS proc set respected: 1,17
OMP: Info #216: KMP_AFFINITY: decoding x2APIC ids.
OMP: Info #157: KMP_AFFINITY: 2 available OS procs
OMP: Info #158: KMP_AFFINITY: Uniform topology
OMP: Info #287: KMP_AFFINITY: topology layer "LL cache" is equivalent to "socket".
OMP: Info #287: KMP_AFFINITY: topology layer "L3 cache" is equivalent to "socket".
OMP: Info #287: KMP_AFFINITY: topology layer "L2 cache" is equivalent to "core".
OMP: Info #287: KMP_AFFINITY: topology layer "L1 cache" is equivalent to "core".
OMP: Info #192: KMP_AFFINITY: 1 socket x 1 core/socket x 2 threads/core (1 total cores)
OMP: Info #218: KMP_AFFINITY: OS proc to physical thread map:
OMP: Info #172: KMP_AFFINITY: OS proc 1 maps to socket 0 core 1 thread 0 
OMP: Info #172: KMP_AFFINITY: OS proc 17 maps to socket 0 core 1 thread 1 
OMP: Info #254: KMP_AFFINITY: pid 3982042 tid 3982042 thread 0 bound to OS proc set 1
2022-01-13 09:34:31.905423: I tensorflow/core/common_runtime/process_util.cc:115] Creating new thread pool with default inter op setting: 2. Tune using inter_op_parallelism_threads for best performance.
WARNING:tensorflow:From SASRec_TH.py:198: The name tf.global_variables_initializer is deprecated. Please use tf.compat.v1.global_variables_initializer instead.

OMP: Info #254: KMP_AFFINITY: pid 3982042 tid 3982073 thread 1 bound to OS proc set 17
OMP: Info #254: KMP_AFFINITY: pid 3982042 tid 3982072 thread 2 bound to OS proc set 1
OMP: Info #254: KMP_AFFINITY: pid 3982042 tid 3982075 thread 3 bound to OS proc set 17
OMP: Info #254: KMP_AFFINITY: pid 3982042 tid 3982076 thread 4 bound to OS proc set 1
WARNING:tensorflow:From SASRec_AC.py:194: The name tf.reset_default_graph is deprecated. Please use tf.compat.v1.reset_default_graph instead.

WARNING:tensorflow:From SASRec_AC.py:42: The name tf.placeholder is deprecated. Please use tf.compat.v1.placeholder instead.

WARNING:tensorflow:From SASRec_AC.py:44: The name tf.variable_scope is deprecated. Please use tf.compat.v1.variable_scope instead.

WARNING:tensorflow:From SASRec_AC.py:117: The name tf.random_normal is deprecated. Please use tf.random.normal instead.

WARNING:tensorflow:From SASRec_AC.py:57: to_float (from tensorflow.python.ops.math_ops) is deprecated and will be removed in a future version.
Instructions for updating:
Use `tf.cast` instead.
WARNING:tensorflow:From SASRec_AC.py:61: dropout (from tensorflow.python.layers.core) is deprecated and will be removed in a future version.
Instructions for updating:
Use keras.layers.dropout instead.
WARNING:tensorflow:From /home/clusterusers/ecavenaghi/.conda/envs/rs_survey_tensorflow1/lib/python3.7/site-packages/tensorflow_core/python/layers/core.py:271: Layer.apply (from tensorflow.python.keras.engine.base_layer) is deprecated and will be removed in a future version.
Instructions for updating:
Please use `layer.__call__` method instead.
WARNING:tensorflow:From /home/clusterusers/ecavenaghi/RL_RS_Survey/RL4REC/Kaggle/SASRecModules.py:142: dense (from tensorflow.python.layers.core) is deprecated and will be removed in a future version.
Instructions for updating:
Use keras.layers.Dense instead.
WARNING:tensorflow:From /home/clusterusers/ecavenaghi/RL_RS_Survey/RL4REC/Kaggle/SASRecModules.py:163: where (from tensorflow.python.ops.array_ops) is deprecated and will be removed in a future version.
Instructions for updating:
Use tf.where in 2.0, which has the same broadcast rule as np.where
WARNING:tensorflow:From /home/clusterusers/ecavenaghi/RL_RS_Survey/RL4REC/Kaggle/SASRecModules.py:223: conv1d (from tensorflow.python.layers.convolutional) is deprecated and will be removed in a future version.
Instructions for updating:
Use `tf.keras.layers.Conv1D` instead.
WARNING:tensorflow:
The TensorFlow contrib module will not be included in TensorFlow 2.0.
For more information, please see:
  * https://github.com/tensorflow/community/blob/master/rfcs/20180907-contrib-sunset.md
  * https://github.com/tensorflow/addons
  * https://github.com/tensorflow/io (for I/O related ops)
If you depend on functionality not listed there, please file an issue.

WARNING:tensorflow:From SASRec_AC.py:111: The name tf.train.AdamOptimizer is deprecated. Please use tf.compat.v1.train.AdamOptimizer instead.

WARNING:tensorflow:From SASRec_AC.py:201: The name tf.train.Saver is deprecated. Please use tf.compat.v1.train.Saver instead.

WARNING:tensorflow:From SASRec_AC.py:204: The name tf.Session is deprecated. Please use tf.compat.v1.Session instead.

2022-01-15 07:04:22.786265: I tensorflow/core/platform/cpu_feature_guard.cc:145] This TensorFlow binary is optimized with Intel(R) MKL-DNN to use the following CPU instructions in performance critical operations:  SSE4.1 SSE4.2 AVX AVX2 AVX512F FMA
To enable them in non-MKL-DNN operations, rebuild TensorFlow with the appropriate compiler flags.
2022-01-15 07:04:22.812817: I tensorflow/core/platform/profile_utils/cpu_utils.cc:94] CPU Frequency: 2100000000 Hz
2022-01-15 07:04:22.813106: I tensorflow/compiler/xla/service/service.cc:168] XLA service 0x563781e0b000 initialized for platform Host (this does not guarantee that XLA will be used). Devices:
2022-01-15 07:04:22.813137: I tensorflow/compiler/xla/service/service.cc:176]   StreamExecutor device (0): Host, Default Version
OMP: Info #155: KMP_AFFINITY: Initial OS proc set respected: 1,17
OMP: Info #216: KMP_AFFINITY: decoding x2APIC ids.
OMP: Info #157: KMP_AFFINITY: 2 available OS procs
OMP: Info #158: KMP_AFFINITY: Uniform topology
OMP: Info #287: KMP_AFFINITY: topology layer "LL cache" is equivalent to "socket".
OMP: Info #287: KMP_AFFINITY: topology layer "L3 cache" is equivalent to "socket".
OMP: Info #287: KMP_AFFINITY: topology layer "L2 cache" is equivalent to "core".
OMP: Info #287: KMP_AFFINITY: topology layer "L1 cache" is equivalent to "core".
OMP: Info #192: KMP_AFFINITY: 1 socket x 1 core/socket x 2 threads/core (1 total cores)
OMP: Info #218: KMP_AFFINITY: OS proc to physical thread map:
OMP: Info #172: KMP_AFFINITY: OS proc 1 maps to socket 0 core 1 thread 0 
OMP: Info #172: KMP_AFFINITY: OS proc 17 maps to socket 0 core 1 thread 1 
OMP: Info #254: KMP_AFFINITY: pid 4022294 tid 4022294 thread 0 bound to OS proc set 1
2022-01-15 07:04:22.813523: I tensorflow/core/common_runtime/process_util.cc:115] Creating new thread pool with default inter op setting: 2. Tune using inter_op_parallelism_threads for best performance.
WARNING:tensorflow:From SASRec_AC.py:206: The name tf.global_variables_initializer is deprecated. Please use tf.compat.v1.global_variables_initializer instead.

OMP: Info #254: KMP_AFFINITY: pid 4022294 tid 4022314 thread 1 bound to OS proc set 17
OMP: Info #254: KMP_AFFINITY: pid 4022294 tid 4022315 thread 2 bound to OS proc set 1
OMP: Info #254: KMP_AFFINITY: pid 4022294 tid 4022320 thread 4 bound to OS proc set 1
OMP: Info #254: KMP_AFFINITY: pid 4022294 tid 4022319 thread 3 bound to OS proc set 17
