Traceback (most recent call last):
  File "main.py", line 19, in <module>
    from modules.sampler import KGPolicy
  File "/home/clusterusers/ecavenaghi/RL_RS_Survey/KG-Policy/kgpolicy/modules/sampler/__init__.py", line 1, in <module>
    from .kgpolicy import KGPolicy
  File "/home/clusterusers/ecavenaghi/RL_RS_Survey/KG-Policy/kgpolicy/modules/sampler/kgpolicy.py", line 5, in <module>
    import torch_geometric as geometric
  File "/home/clusterusers/ecavenaghi/.conda/envs/rs_survey_kgpolicy/lib/python3.6/site-packages/torch_geometric/__init__.py", line 2, in <module>
    import torch_geometric.nn
  File "/home/clusterusers/ecavenaghi/.conda/envs/rs_survey_kgpolicy/lib/python3.6/site-packages/torch_geometric/nn/__init__.py", line 2, in <module>
    from .data_parallel import DataParallel
  File "/home/clusterusers/ecavenaghi/.conda/envs/rs_survey_kgpolicy/lib/python3.6/site-packages/torch_geometric/nn/data_parallel.py", line 5, in <module>
    from torch_geometric.data import Batch
  File "/home/clusterusers/ecavenaghi/.conda/envs/rs_survey_kgpolicy/lib/python3.6/site-packages/torch_geometric/data/__init__.py", line 1, in <module>
    from .data import Data
  File "/home/clusterusers/ecavenaghi/.conda/envs/rs_survey_kgpolicy/lib/python3.6/site-packages/torch_geometric/data/data.py", line 7, in <module>
    from torch_sparse import coalesce
  File "/home/clusterusers/ecavenaghi/.conda/envs/rs_survey_kgpolicy/lib/python3.6/site-packages/torch_sparse/__init__.py", line 2, in <module>
    from .coalesce import coalesce
  File "/home/clusterusers/ecavenaghi/.conda/envs/rs_survey_kgpolicy/lib/python3.6/site-packages/torch_sparse/coalesce.py", line 2, in <module>
    import torch_scatter
  File "/home/clusterusers/ecavenaghi/.conda/envs/rs_survey_kgpolicy/lib/python3.6/site-packages/torch_scatter/__init__.py", line 3, in <module>
    from .mul import scatter_mul
  File "/home/clusterusers/ecavenaghi/.conda/envs/rs_survey_kgpolicy/lib/python3.6/site-packages/torch_scatter/mul.py", line 3, in <module>
    from torch_scatter.utils.ext import get_func
  File "/home/clusterusers/ecavenaghi/.conda/envs/rs_survey_kgpolicy/lib/python3.6/site-packages/torch_scatter/utils/ext.py", line 5, in <module>
    import torch_scatter.scatter_cuda
ModuleNotFoundError: No module named 'torch_scatter.scatter_cuda'
