WARNING:tensorflow:From main.py:158: The name tf.ConfigProto is deprecated. Please use tf.compat.v1.ConfigProto instead.

WARNING:tensorflow:From main.py:163: The name tf.Session is deprecated. Please use tf.compat.v1.Session instead.

2021-12-30 22:57:18.601565: I tensorflow/core/platform/cpu_feature_guard.cc:145] This TensorFlow binary is optimized with Intel(R) MKL-DNN to use the following CPU instructions in performance critical operations:  SSE4.1 SSE4.2 AVX AVX2 AVX512F FMA
To enable them in non-MKL-DNN operations, rebuild TensorFlow with the appropriate compiler flags.
2021-12-30 22:57:18.645021: I tensorflow/core/platform/profile_utils/cpu_utils.cc:94] CPU Frequency: 2100000000 Hz
2021-12-30 22:57:18.645533: I tensorflow/compiler/xla/service/service.cc:168] XLA service 0x564c4210d650 initialized for platform Host (this does not guarantee that XLA will be used). Devices:
2021-12-30 22:57:18.645585: I tensorflow/compiler/xla/service/service.cc:176]   StreamExecutor device (0): Host, Default Version
OMP: Info #155: KMP_AFFINITY: Initial OS proc set respected: 0,16
OMP: Info #216: KMP_AFFINITY: decoding x2APIC ids.
OMP: Info #157: KMP_AFFINITY: 2 available OS procs
OMP: Info #158: KMP_AFFINITY: Uniform topology
OMP: Info #287: KMP_AFFINITY: topology layer "LL cache" is equivalent to "socket".
OMP: Info #287: KMP_AFFINITY: topology layer "L3 cache" is equivalent to "socket".
OMP: Info #287: KMP_AFFINITY: topology layer "L2 cache" is equivalent to "core".
OMP: Info #287: KMP_AFFINITY: topology layer "L1 cache" is equivalent to "core".
OMP: Info #192: KMP_AFFINITY: 1 socket x 1 core/socket x 2 threads/core (1 total cores)
OMP: Info #218: KMP_AFFINITY: OS proc to physical thread map:
OMP: Info #172: KMP_AFFINITY: OS proc 0 maps to socket 0 core 0 thread 0 
OMP: Info #172: KMP_AFFINITY: OS proc 16 maps to socket 0 core 0 thread 1 
OMP: Info #254: KMP_AFFINITY: pid 2713117 tid 2713117 thread 0 bound to OS proc set 0
2021-12-30 22:57:18.647153: I tensorflow/core/common_runtime/process_util.cc:115] Creating new thread pool with default inter op setting: 2. Tune using inter_op_parallelism_threads for best performance.
WARNING:tensorflow:From /home/clusterusers/ecavenaghi/RL_RS_Survey/IRecGAN/src/agent.py:29: The name tf.placeholder is deprecated. Please use tf.compat.v1.placeholder instead.

WARNING:tensorflow:From /home/clusterusers/ecavenaghi/RL_RS_Survey/IRecGAN/src/agent.py:39: The name tf.get_variable is deprecated. Please use tf.compat.v1.get_variable instead.

WARNING:tensorflow:From /home/clusterusers/ecavenaghi/RL_RS_Survey/IRecGAN/src/agent.py:53: __init__ (from tensorflow.python.ops.rnn_cell_impl) is deprecated and will be removed in a future version.
Instructions for updating:
This class is equivalent as tf.keras.layers.LSTMCell, and will be replaced by that in Tensorflow 2.0.
WARNING:tensorflow:From /home/clusterusers/ecavenaghi/RL_RS_Survey/IRecGAN/src/agent.py:53: __init__ (from tensorflow.python.ops.rnn_cell_impl) is deprecated and will be removed in a future version.
Instructions for updating:
This class is equivalent as tf.keras.layers.StackedRNNCells, and will be replaced by that in Tensorflow 2.0.
WARNING:tensorflow:From /home/clusterusers/ecavenaghi/RL_RS_Survey/IRecGAN/src/agent.py:58: The name tf.variable_scope is deprecated. Please use tf.compat.v1.variable_scope instead.

WARNING:tensorflow:From /home/clusterusers/ecavenaghi/RL_RS_Survey/IRecGAN/src/agent.py:61: dynamic_rnn (from tensorflow.python.ops.rnn) is deprecated and will be removed in a future version.
Instructions for updating:
Please use `keras.layers.RNN(cell)`, which is equivalent to this API
WARNING:tensorflow:From /home/clusterusers/ecavenaghi/.conda/envs/rs_survey_python2/lib/python2.7/site-packages/tensorflow_core/python/ops/rnn_cell_impl.py:958: add_variable (from tensorflow.python.keras.engine.base_layer) is deprecated and will be removed in a future version.
Instructions for updating:
Please use `layer.add_weight` method instead.
WARNING:tensorflow:From /home/clusterusers/ecavenaghi/.conda/envs/rs_survey_python2/lib/python2.7/site-packages/tensorflow_core/python/ops/rnn_cell_impl.py:962: calling __init__ (from tensorflow.python.ops.init_ops) with dtype is deprecated and will be removed in a future version.
Instructions for updating:
Call initializer instance with the dtype argument instead of passing it to the constructor
WARNING:tensorflow:From /home/clusterusers/ecavenaghi/.conda/envs/rs_survey_python2/lib/python2.7/site-packages/tensorflow_core/python/ops/rnn.py:244: where (from tensorflow.python.ops.array_ops) is deprecated and will be removed in a future version.
Instructions for updating:
Use tf.where in 2.0, which has the same broadcast rule as np.where
WARNING:tensorflow:From /home/clusterusers/ecavenaghi/RL_RS_Survey/IRecGAN/src/output_projection.py:18: The name tf.log is deprecated. Please use tf.math.log instead.

WARNING:tensorflow:
The TensorFlow contrib module will not be included in TensorFlow 2.0.
For more information, please see:
  * https://github.com/tensorflow/community/blob/master/rfcs/20180907-contrib-sunset.md
  * https://github.com/tensorflow/addons
  * https://github.com/tensorflow/io (for I/O related ops)
If you depend on functionality not listed there, please file an issue.

WARNING:tensorflow:From /home/clusterusers/ecavenaghi/.conda/envs/rs_survey_python2/lib/python2.7/site-packages/tensorflow_core/contrib/layers/python/layers/layers.py:1866: apply (from tensorflow.python.keras.engine.base_layer) is deprecated and will be removed in a future version.
Instructions for updating:
Please use `layer.__call__` method instead.
WARNING:tensorflow:From /home/clusterusers/ecavenaghi/RL_RS_Survey/IRecGAN/src/agent.py:107: The name tf.random_uniform is deprecated. Please use tf.random.uniform instead.

WARNING:tensorflow:From /home/clusterusers/ecavenaghi/RL_RS_Survey/IRecGAN/src/agent.py:123: The name tf.trainable_variables is deprecated. Please use tf.compat.v1.trainable_variables instead.

WARNING:tensorflow:From /home/clusterusers/ecavenaghi/RL_RS_Survey/IRecGAN/src/agent.py:127: The name tf.train.AdamOptimizer is deprecated. Please use tf.compat.v1.train.AdamOptimizer instead.

WARNING:tensorflow:From /home/clusterusers/ecavenaghi/RL_RS_Survey/IRecGAN/src/agent.py:130: The name tf.train.Saver is deprecated. Please use tf.compat.v1.train.Saver instead.

WARNING:tensorflow:From /home/clusterusers/ecavenaghi/RL_RS_Survey/IRecGAN/src/agent.py:130: The name tf.global_variables is deprecated. Please use tf.compat.v1.global_variables instead.

WARNING:tensorflow:From /home/clusterusers/ecavenaghi/RL_RS_Survey/IRecGAN/src/agent.py:130: The name tf.train.SaverDef is deprecated. Please use tf.compat.v1.train.SaverDef instead.

WARNING:tensorflow:From main.py:234: The name tf.global_variables_initializer is deprecated. Please use tf.compat.v1.global_variables_initializer instead.

WARNING:tensorflow:From /home/clusterusers/ecavenaghi/RL_RS_Survey/IRecGAN/src/environment.py:59: dense (from tensorflow.python.layers.core) is deprecated and will be removed in a future version.
Instructions for updating:
Use keras.layers.Dense instead.
OMP: Info #254: KMP_AFFINITY: pid 2713117 tid 2713133 thread 1 bound to OS proc set 16
OMP: Info #254: KMP_AFFINITY: pid 2713117 tid 2713146 thread 2 bound to OS proc set 0
OMP: Info #254: KMP_AFFINITY: pid 2713117 tid 2713134 thread 3 bound to OS proc set 16
OMP: Info #254: KMP_AFFINITY: pid 2713117 tid 2713148 thread 4 bound to OS proc set 0
/var/lib/slurm-llnl/slurmd/job78000/slurm_script: line 16: 2713117 Killed                  python main.py
slurmstepd-gpu02: error: Detected 1 oom-kill event(s) in step 78000.batch cgroup. Some of your processes may have been killed by the cgroup out-of-memory handler.
